C51 COMPILER V9.00   DA                                                                    05/06/2015 09:33:40 PAGE 1   


C51 COMPILER V9.00, COMPILATION OF MODULE DA
OBJECT MODULE PLACED IN da.OBJ
COMPILER INVOKED BY: D:\Keil_v5\C51\BIN\C51.EXE da.c BROWSE INCDIR(D:\Keil_v5\C51\INC\STC) DEBUG OBJECTEXTEND

line level    source

   1          #include <config.h>
   2          void delay_da(uchar i)          //ÑÓÊ±³ÌÐò
   3          {
   4   1              uchar j,k;
   5   1          for(j=i;j>0;j--)
   6   1          for(k=125;k>0;k--);
   7   1      }
   8          
   9          void da_main()
  10          {
  11   1              uchar a,k;
  12   1              system_init();
  13   1          csda=0;
  14   1          a=0;
  15   1          dawr=0;
  16   1          while(message=='2')
  17   1          {
  18   2                      for(k=0;k<255;k++)
  19   2                      {
  20   3                              P0=k;
  21   3                              delay_da(20);
  22   3                              //a++;
  23   3                              if(message!='2') break;
  24   3                      }
  25   2              }
  26   1      }


MODULE INFORMATION:   STATIC OVERLAYABLE
   CODE SIZE        =     57    ----
   CONSTANT SIZE    =   ----    ----
   XDATA SIZE       =   ----    ----
   PDATA SIZE       =   ----    ----
   DATA SIZE        =   ----       2
   IDATA SIZE       =   ----    ----
   BIT SIZE         =   ----    ----
END OF MODULE INFORMATION.


C51 COMPILATION COMPLETE.  0 WARNING(S),  0 ERROR(S)
