C51 COMPILER V9.00   LED                                                                   05/06/2015 09:33:40 PAGE 1   


C51 COMPILER V9.00, COMPILATION OF MODULE LED
OBJECT MODULE PLACED IN led.OBJ
COMPILER INVOKED BY: D:\Keil_v5\C51\BIN\C51.EXE led.c BROWSE INCDIR(D:\Keil_v5\C51\INC\STC) DEBUG OBJECTEXTEND

line level    source

   1          #include <config.h>
   2          void delay10ms()
   3            {
   4   1              unsigned char a,b;
   5   1          for(a=150;a>0;a--)
   6   1              for(b=250;b>0;b--);
   7   1      }
   8          
   9          void led_main()
  10          { 
  11   1              uchar liushui,k;
  12   1              system_init();
  13   1              diola = 1;
  14   1              k=0xfe;
  15   1              while(message=='1')
  16   1          {
  17   2                      for(liushui=0;liushui<8;liushui++)
  18   2                      {
  19   3                              P1=k;
  20   3                              delay10ms();
  21   3                              beep=0;
  22   3                              delay10ms();
  23   3                              beep=1;
  24   3                              k=_crol_(k,1);
  25   3                              if(message!='1') break;
  26   3                      }
  27   2          }
  28   1      }


MODULE INFORMATION:   STATIC OVERLAYABLE
   CODE SIZE        =     65    ----
   CONSTANT SIZE    =   ----    ----
   XDATA SIZE       =   ----    ----
   PDATA SIZE       =   ----    ----
   DATA SIZE        =   ----       1
   IDATA SIZE       =   ----    ----
   BIT SIZE         =   ----    ----
END OF MODULE INFORMATION.


C51 COMPILATION COMPLETE.  0 WARNING(S),  0 ERROR(S)
