C51 COMPILER V6.12  EINZEL                                                                 05/20/2017 21:23:56 PAGE 1   


C51 COMPILER V6.12, COMPILATION OF MODULE EINZEL
OBJECT MODULE PLACED IN .\einzel.OBJ
COMPILER INVOKED BY: D:\[Software]\Keil\C51\BIN\C51.EXE .\einzel.c DEBUG OBJECTEXTEND

stmt level    source

   1          #include <reg52.h>
   2          
   3           void main()
   4          {
   5   1      	P1 = 0xaa;
   6   1      	while(1);
   7   1      }


MODULE INFORMATION:   STATIC OVERLAYABLE
   CODE SIZE        =      5    ----
   CONSTANT SIZE    =   ----    ----
   XDATA SIZE       =   ----    ----
   PDATA SIZE       =   ----    ----
   DATA SIZE        =   ----    ----
   IDATA SIZE       =   ----    ----
   BIT SIZE         =   ----    ----
END OF MODULE INFORMATION.


C51 COMPILATION COMPLETE.  0 WARNING(S),  0 ERROR(S)
