C51 COMPILER V6.12  FLOWLED                                                                10/17/2016 10:12:54 PAGE 1   


C51 COMPILER V6.12, COMPILATION OF MODULE FLOWLED
OBJECT MODULE PLACED IN .\FlowLED.OBJ
COMPILER INVOKED BY: D:\[Software]\Keil\C51\BIN\C51.EXE .\FlowLED.c DEBUG OBJECTEXTEND

stmt level    source

   1          #include<reg52.h>
   2          #include<intrins.h>
   3          
   4          #define uchar unsigned char
   5          #define uint unsigned int
   6          
   7          uchar a = 0xfe;   // 11111110 最后一位亮
   8          
   9          void delayms(uint);
  10          
  11          void main()
  12          {
  13   1      	while(1)
  14   1      	{	
  15   2      		P1 = a;
  16   2      		a = _crol_(a,1);   // 循环左移
  17   2      		delayms(500);
  18   2      	}
  19   1      }
  20          
  21          void delayms(uint xms)
  22          {
  23   1      	uint i,j;
  24   1      	for(i=xms;i>0;i--)
  25   1      		for(j=110;j>0;j--);
  26   1      }


MODULE INFORMATION:   STATIC OVERLAYABLE
   CODE SIZE        =     55    ----
   CONSTANT SIZE    =   ----    ----
   XDATA SIZE       =   ----    ----
   PDATA SIZE       =   ----    ----
   DATA SIZE        =      1    ----
   IDATA SIZE       =   ----    ----
   BIT SIZE         =   ----    ----
END OF MODULE INFORMATION.


C51 COMPILATION COMPLETE.  0 WARNING(S),  0 ERROR(S)
