C51 COMPILER V6.12  FLOWLED_CY                                                             06/01/2017 22:54:36 PAGE 1   


C51 COMPILER V6.12, COMPILATION OF MODULE FLOWLED_CY
OBJECT MODULE PLACED IN .\FlowLED_CY.OBJ
COMPILER INVOKED BY: D:\[Software]\Keil\C51\BIN\C51.EXE .\FlowLED_CY.c DEBUG OBJECTEXTEND

stmt level    source

   1          #include<reg52.h>
   2          //#include "DEBUG51.H"
   3          
   4          #define uchar unsigned char
   5          #define uint unsigned int
   6          
   7          uchar a = 0xfe;   // 11111110 最后一位亮
   8          uchar flag;
   9          	
  10          void delayms(uint);
  11          
  12          void main()
  13          {
  14   1      	//UART_Init();     // 调试串口初始化
  15   1      
  16   1      	while(1)
  17   1      	{	
  18   2      		P1 = a;
  19   2      
  20   2      		// 循环左移
  21   2      		// a = (a<<1) | CY;
  22   2      
  23   2         		// 循环右移
  24   2      		a = (a>>1);
  25   2         		flag = CY;
  26   2      		a = a | (flag<<7);
  27   2      
  28   2      		delayms(500);
  29   2      		//debug51();
  30   2      	}
  31   1      }
  32          
  33          void delayms(uint xms)
  34          {
  35   1      	uint i,j;
  36   1      	for(i=xms;i>0;i--)
  37   1      		for(j=110;j>0;j--);
  38   1      }


MODULE INFORMATION:   STATIC OVERLAYABLE
   CODE SIZE        =     60    ----
   CONSTANT SIZE    =   ----    ----
   XDATA SIZE       =   ----    ----
   PDATA SIZE       =   ----    ----
   DATA SIZE        =      2    ----
   IDATA SIZE       =   ----    ----
   BIT SIZE         =   ----    ----
END OF MODULE INFORMATION.


C51 COMPILATION COMPLETE.  0 WARNING(S),  0 ERROR(S)
