C51 COMPILER V6.12  ADC                                                                    05/31/2017 22:28:37 PAGE 1   


C51 COMPILER V6.12, COMPILATION OF MODULE ADC
OBJECT MODULE PLACED IN .\ADC.OBJ
COMPILER INVOKED BY: D:\[Software]\Keil\C51\BIN\C51.EXE .\ADC.c DEBUG OBJECTEXTEND

stmt level    source

   1          #include<reg52.h>
   2          #include<intrins.h>
   3          
   4          #define uchar unsigned char
   5          #define uint unsigned int
   6          
   7          // 段选 U1
   8          uchar code DigitronTable[] =
   9          {
  10              0x3f, 0x06, 0x5b, 0x4f,
  11              0x66, 0x6d, 0x7d, 0x07,
  12              0x7f, 0x6f, 0x77, 0x7c,
  13              0x39, 0x5e, 0x79, 0x71
  14          };
  15          
  16          // 位选 U2
  17          uchar code WeiTable[] =
  18          {
  19              0xfe, 0xfd, 0xfb, 0xf7, 0xef, 0xdf
  20          };
  21          
  22          sbit Duanxuan = P2^6;
  23          sbit Weixuan = P2^7;
  24          sbit AD_WR = P3^6;
  25          sbit AD_RD = P3^7;
  26          
  27          void init();
  28          void delay(uint);
  29          void display(uchar);
  30          
  31          uchar AD_val;
  32          
  33          void main()
  34          {
  35   1      	uchar i;
  36   1      
  37   1      	init();
  38   1      	
  39   1      	while(1)
  40   1      	{
  41   2      		AD_WR = 1;
  42   2      		_nop_();
  43   2      		AD_WR = 0;
  44   2      		_nop_();
  45   2      		AD_WR = 1;
  46   2      		
  47   2      		for(i=0;i<15;i++)
  48   2      		{
  49   3      			display(AD_val);
  50   3      			delay(10);
  51   3      		}
  52   2      		
  53   2      		P1 = 0xff;
  54   2      		AD_RD = 1;
  55   2      		_nop_();
C51 COMPILER V6.12  ADC                                                                    05/31/2017 22:28:37 PAGE 2   

  56   2      		AD_RD = 0;
  57   2      		_nop_();
  58   2      		AD_val = P1;     // 8 bit, 0x00~0xff
  59   2      		AD_RD = 1;
  60   2      	}
  61   1      }
  62          
  63          void init()
  64          {
  65   1      	P0 = 0xff;
  66   1      	Weixuan = 1;
  67   1      	P0 = 0x7f;	// ADC CS 选通
  68   1      	Weixuan = 0;
  69   1      }
  70          
  71          void display(uchar num)
  72          {
  73   1      	uint temp = num;
  74   1          uchar i,n;
  75   1          uchar wei[6];
  76   1      
  77   1          n = 0;
  78   1          while(temp!=0)     // 求位数
  79   1          {
  80   2               n++;
  81   2               temp/=10;
  82   2          }
  83   1      
  84   1          temp = num;
  85   1          i = n-1;
  86   1          while(temp!=0)     // 取各位，wei[0] 最高位
  87   1          {
  88   2               wei[i] = temp % 10;     // 取当前个位
  89   2               i--;
  90   2               temp/=10;     // 去掉最后一位
  91   2          }
  92   1      
  93   1      	for(i=0;i<n;i++)
  94   1      	{
  95   2      		Duanxuan = 1;
  96   2      		P0 = DigitronTable[wei[i]];
  97   2      		Duanxuan = 0;
  98   2      		P0 = 0xff;
  99   2      		Weixuan = 1;
 100   2      		P0 = WeiTable[i] & 0x7f;	// 特别注意这里不能影响到 ADC 的 CS
 101   2      		Weixuan = 0;
 102   2      		delay(3);
 103   2      	}
 104   1      }
 105          
 106          void delay(uint x)
 107          {
 108   1      	uint i,j;
 109   1      	for(i=0;i<x;i++)
 110   1      		for(j=0;j<110;j++);
 111   1      }


MODULE INFORMATION:   STATIC OVERLAYABLE
   CODE SIZE        =    231    ----
   CONSTANT SIZE    =     22    ----
   XDATA SIZE       =   ----    ----
C51 COMPILER V6.12  ADC                                                                    05/31/2017 22:28:37 PAGE 3   

   PDATA SIZE       =   ----    ----
   DATA SIZE        =      1      10
   IDATA SIZE       =   ----    ----
   BIT SIZE         =   ----    ----
END OF MODULE INFORMATION.


C51 COMPILATION COMPLETE.  0 WARNING(S),  0 ERROR(S)
