C51 COMPILER V6.12  12864_PARALLEL                                                         05/29/2017 21:55:47 PAGE 1   


C51 COMPILER V6.12, COMPILATION OF MODULE 12864_PARALLEL
OBJECT MODULE PLACED IN .\12864_parallel.OBJ
COMPILER INVOKED BY: D:\[Software]\Keil\C51\BIN\C51.EXE .\12864_parallel.c DEBUG OBJECTEXTEND

stmt level    source

   1          #include<reg52.h>
   2          #include<intrins.h>
   3          #include<stdlib.h>
   4          #include<string.h>
   5          
   6          #define uchar unsigned char
   7          #define uint unsigned int
   8          
   9          #define LCD_data P0
  10          
  11          #define COMMAND 1
  12          #define DATA 0
  13          
  14          sbit LCD_E = P3^4;
  15          sbit LCD_RS = P3^5;
  16          sbit LCD_RW = P3^6;
  17          sbit LCD_PSB = P3^7;
  18          sbit Weixuan = P2^6;
  19          sbit Duanxuan = P2^7;
  20          
  21          uchar row[4][17] = 
  22          {
  23          	"若这一束吊灯",
  24          	"倾泻下来",
  25          	"或者我",
  26          	"已不会存在"
  27          };
  28          
  29          uchar emoji[] = {0x20,' ',0x02,0};
  30          
  31          void delay(uint);
  32          void init();
  33          void write(uchar, bit);
  34          void position(uchar, uchar);
  35          
  36          void main()
  37          {	
  38   1      	uint i,j;
  39   1      	init();	
  40   1      	strcat(row[3],emoji);
  41   1      	for(i=0;i<4;i++)
  42   1      	{
  43   2      		position(i,0);
  44   2      		j = 0;
  45   2      		while(row[i][j]!='\0')
  46   2      		{
  47   3      			write(row[i][j], DATA);
  48   3      			delay(50);
  49   3      			j++;
  50   3      		}
  51   2      	}
  52   1      	delay(1000);
  53   1      	// write(0x18, COMMAND);
  54   1      	while(1);
  55   1      }
C51 COMPILER V6.12  12864_PARALLEL                                                         05/29/2017 21:55:47 PAGE 2   

  56          
  57          void init()
  58          {
  59   1      	Weixuan = 0;
  60   1      	Duanxuan = 0;
  61   1      	LCD_PSB = 1;
  62   1      	write(0x30, COMMAND);
  63   1      	delay(5);	
  64   1      	write(0x0f, COMMAND);
  65   1      	delay(5);	
  66   1      	write(0x01, COMMAND);
  67   1      	delay(5);	
  68   1      }
  69          
  70          void write(uchar com_data, bit flag)
  71          {
  72   1      	if(flag==COMMAND)
  73   1      		LCD_RS = 0;
  74   1      	else
  75   1      		LCD_RS = 1;
  76   1      	LCD_RW = 0;
  77   1      	LCD_E = 0;
  78   1      	P0 = com_data;
  79   1      	delay(5);
  80   1      	LCD_E = 1;
  81   1      	delay(5);
  82   1      	LCD_E = 0;
  83   1      }
  84          
  85          void position(uchar x, uchar y)		// x 行，y 列
  86          {
  87   1      	uchar pos;
  88   1      	switch(x)
  89   1      	{
  90   2      		case 0:
  91   2      			pos = 0x80;
  92   2      			break;
  93   2      		case 1:
  94   2      			pos = 0x90;
  95   2      			break;
  96   2      		case 2:
  97   2      			pos = 0x88;
  98   2      			break;
  99   2      		case 3:
 100   2      			pos = 0x98;
 101   2      			break;
 102   2      	}
 103   1      	pos += y;
 104   1      	write(pos, COMMAND);
 105   1      }
 106          
 107          void delay(uint x)
 108          {
 109   1      	uint i,j;
 110   1      	for(i=0;i<x;i++)
 111   1      		for(j=0;j<110;j++);
 112   1      }
 113          
 114          


MODULE INFORMATION:   STATIC OVERLAYABLE
C51 COMPILER V6.12  12864_PARALLEL                                                         05/29/2017 21:55:47 PAGE 3   

   CODE SIZE        =    242    ----
   CONSTANT SIZE    =   ----    ----
   XDATA SIZE       =   ----    ----
   PDATA SIZE       =   ----    ----
   DATA SIZE        =     72       5
   IDATA SIZE       =   ----    ----
   BIT SIZE         =   ----       1
END OF MODULE INFORMATION.


C51 COMPILATION COMPLETE.  0 WARNING(S),  0 ERROR(S)
